<?xml version="1.0" encoding="UTF-8"?>
<testsuite xmlns:xsi="http://www.w3.org/2001/XMLSchema-instance" xsi:noNamespaceSchemaLocation="https://maven.apache.org/surefire/maven-surefire-plugin/xsd/surefire-test-report.xsd" name="com.txn2.nifi.processors.googleanalytics.GetGoogleAnalyticsReportTest" time="0.061" tests="1" errors="0" skipped="0" failures="0">
  <properties>
    <property name="sun.desktop" value="gnome"/>
    <property name="awt.toolkit" value="sun.awt.X11.XToolkit"/>
    <property name="java.specification.version" value="11"/>
    <property name="sun.cpu.isalist" value=""/>
    <property name="sun.jnu.encoding" value="UTF-8"/>
    <property name="java.class.path" value="/home/craig/workspace/nifi/googleanalytics-processor/nifi-googleanalytics-processors/target/test-classes:/home/craig/workspace/nifi/googleanalytics-processor/nifi-googleanalytics-processors/target/classes:/home/craig/.m2/repository/org/apache/nifi/nifi-api/1.13.2/nifi-api-1.13.2.jar:/home/craig/.m2/repository/org/apache/nifi/nifi-utils/1.13.2/nifi-utils-1.13.2.jar:/home/craig/.m2/repository/javax/xml/bind/jaxb-api/2.3.0/jaxb-api-2.3.0.jar:/home/craig/.m2/repository/com/sun/xml/bind/jaxb-core/2.3.0/jaxb-core-2.3.0.jar:/home/craig/.m2/repository/com/sun/xml/bind/jaxb-impl/2.3.0/jaxb-impl-2.3.0.jar:/home/craig/.m2/repository/org/apache/nifi/nifi-mock/1.13.2/nifi-mock-1.13.2.jar:/home/craig/.m2/repository/org/apache/nifi/nifi-framework-api/1.13.2/nifi-framework-api-1.13.2.jar:/home/craig/.m2/repository/org/apache/nifi/nifi-parameter/1.13.2/nifi-parameter-1.13.2.jar:/home/craig/.m2/repository/org/apache/nifi/nifi-framework-core-api/1.13.2/nifi-framework-core-api-1.13.2.jar:/home/craig/.m2/repository/org/apache/nifi/nifi-framework-nar-utils/1.13.2/nifi-framework-nar-utils-1.13.2.jar:/home/craig/.m2/repository/org/apache/nifi/nifi-client-dto/1.13.2/nifi-client-dto-1.13.2.jar:/home/craig/.m2/repository/io/swagger/swagger-annotations/1.6.0/swagger-annotations-1.6.0.jar:/home/craig/.m2/repository/org/apache/nifi/nifi-site-to-site-client/1.13.2/nifi-site-to-site-client-1.13.2.jar:/home/craig/.m2/repository/org/apache/httpcomponents/client5/httpclient5/5.0-beta4/httpclient5-5.0-beta4.jar:/home/craig/.m2/repository/org/apache/httpcomponents/core5/httpcore5/5.0-beta7/httpcore5-5.0-beta7.jar:/home/craig/.m2/repository/org/apache/httpcomponents/core5/httpcore5-h2/5.0-beta7/httpcore5-h2-5.0-beta7.jar:/home/craig/.m2/repository/org/apache/httpcomponents/httpasyncclient/4.1.4/httpasyncclient-4.1.4.jar:/home/craig/.m2/repository/org/apache/httpcomponents/httpcore-nio/4.4.10/httpcore-nio-4.4.10.jar:/home/craig/.m2/repository/org/apache/commons/commons-lang3/3.9/commons-lang3-3.9.jar:/home/craig/.m2/repository/org/apache/nifi/nifi-framework-authorization/1.13.2/nifi-framework-authorization-1.13.2.jar:/home/craig/.m2/repository/org/apache/nifi/registry/nifi-registry-data-model/0.8.0/nifi-registry-data-model-0.8.0.jar:/home/craig/.m2/repository/javax/validation/validation-api/2.0.1.Final/validation-api-2.0.1.Final.jar:/home/craig/.m2/repository/javax/ws/rs/javax.ws.rs-api/2.1/javax.ws.rs-api-2.1.jar:/home/craig/.m2/repository/org/apache/nifi/registry/nifi-registry-revision-entity-model/0.8.0/nifi-registry-revision-entity-model-0.8.0.jar:/home/craig/.m2/repository/jakarta/xml/bind/jakarta.xml.bind-api/2.3.2/jakarta.xml.bind-api-2.3.2.jar:/home/craig/.m2/repository/jakarta/activation/jakarta.activation-api/1.2.1/jakarta.activation-api-1.2.1.jar:/home/craig/.m2/repository/org/apache/nifi/registry/nifi-registry-client/0.8.0/nifi-registry-client-0.8.0.jar:/home/craig/.m2/repository/org/apache/nifi/registry/nifi-registry-security-utils/0.8.0/nifi-registry-security-utils-0.8.0.jar:/home/craig/.m2/repository/org/glassfish/jersey/core/jersey-client/2.28/jersey-client-2.28.jar:/home/craig/.m2/repository/jakarta/ws/rs/jakarta.ws.rs-api/2.1.5/jakarta.ws.rs-api-2.1.5.jar:/home/craig/.m2/repository/org/glassfish/hk2/external/jakarta.inject/2.5.0/jakarta.inject-2.5.0.jar:/home/craig/.m2/repository/org/glassfish/jersey/media/jersey-media-json-jackson/2.28/jersey-media-json-jackson-2.28.jar:/home/craig/.m2/repository/org/glassfish/jersey/ext/jersey-entity-filtering/2.28/jersey-entity-filtering-2.28.jar:/home/craig/.m2/repository/com/fasterxml/jackson/module/jackson-module-jaxb-annotations/2.9.8/jackson-module-jaxb-annotations-2.9.8.jar:/home/craig/.m2/repository/org/glassfish/jersey/inject/jersey-hk2/2.28/jersey-hk2-2.28.jar:/home/craig/.m2/repository/org/glassfish/hk2/hk2-locator/2.5.0/hk2-locator-2.5.0.jar:/home/craig/.m2/repository/org/glassfish/hk2/external/aopalliance-repackaged/2.5.0/aopalliance-repackaged-2.5.0.jar:/home/craig/.m2/repository/org/glassfish/hk2/hk2-api/2.5.0/hk2-api-2.5.0.jar:/home/craig/.m2/repository/org/glassfish/hk2/hk2-utils/2.5.0/hk2-utils-2.5.0.jar:/home/craig/.m2/repository/org/javassist/javassist/3.22.0-CR2/javassist-3.22.0-CR2.jar:/home/craig/.m2/repository/org/glassfish/jersey/core/jersey-common/2.28/jersey-common-2.28.jar:/home/craig/.m2/repository/jakarta/annotation/jakarta.annotation-api/1.3.4/jakarta.annotation-api-1.3.4.jar:/home/craig/.m2/repository/org/glassfish/hk2/osgi-resource-locator/1.0.1/osgi-resource-locator-1.0.1.jar:/home/craig/.m2/repository/org/glassfish/jersey/media/jersey-media-multipart/2.28/jersey-media-multipart-2.28.jar:/home/craig/.m2/repository/org/jvnet/mimepull/mimepull/1.9.11/mimepull-1.9.11.jar:/home/craig/.m2/repository/org/apache/nifi/nifi-expression-language/1.13.2/nifi-expression-language-1.13.2.jar:/home/craig/.m2/repository/org/antlr/antlr-runtime/3.5.2/antlr-runtime-3.5.2.jar:/home/craig/.m2/repository/org/apache/nifi/nifi-uuid5/1.13.2/nifi-uuid5-1.13.2.jar:/home/craig/.m2/repository/com/jayway/jsonpath/json-path/2.4.0/json-path-2.4.0.jar:/home/craig/.m2/repository/net/minidev/json-smart/2.3/json-smart-2.3.jar:/home/craig/.m2/repository/net/minidev/accessors-smart/1.2/accessors-smart-1.2.jar:/home/craig/.m2/repository/org/ow2/asm/asm/5.0.4/asm-5.0.4.jar:/home/craig/.m2/repository/com/fasterxml/jackson/core/jackson-databind/2.9.10.8/jackson-databind-2.9.10.8.jar:/home/craig/.m2/repository/com/fasterxml/jackson/core/jackson-annotations/2.9.10/jackson-annotations-2.9.10.jar:/home/craig/.m2/repository/com/fasterxml/jackson/core/jackson-core/2.9.10/jackson-core-2.9.10.jar:/home/craig/.m2/repository/org/apache/commons/commons-text/1.8/commons-text-1.8.jar:/home/craig/.m2/repository/commons-codec/commons-codec/1.14/commons-codec-1.14.jar:/home/craig/.m2/repository/org/apache/nifi/nifi-data-provenance-utils/1.13.2/nifi-data-provenance-utils-1.13.2.jar:/home/craig/.m2/repository/org/apache/nifi/nifi-security-utils/1.13.2/nifi-security-utils-1.13.2.jar:/home/craig/.m2/repository/org/apache/nifi/nifi-security-utils-api/1.13.2/nifi-security-utils-api-1.13.2.jar:/home/craig/.m2/repository/org/bouncycastle/bcpkix-jdk15on/1.68/bcpkix-jdk15on-1.68.jar:/home/craig/.m2/repository/at/favre/lib/bcrypt/0.9.0/bcrypt-0.9.0.jar:/home/craig/.m2/repository/at/favre/lib/bytes/1.3.0/bytes-1.3.0.jar:/home/craig/.m2/repository/org/apache/commons/commons-configuration2/2.7/commons-configuration2-2.7.jar:/home/craig/.m2/repository/com/sun/activation/javax.activation/1.2.0/javax.activation-1.2.0.jar:/home/craig/.m2/repository/org/bouncycastle/bcprov-jdk15on/1.68/bcprov-jdk15on-1.68.jar:/home/craig/.m2/repository/org/apache/nifi/nifi-properties-loader/1.13.2/nifi-properties-loader-1.13.2.jar:/home/craig/.m2/repository/org/apache/nifi/nifi-properties/1.13.2/nifi-properties-1.13.2.jar:/home/craig/.m2/repository/org/slf4j/slf4j-simple/1.7.30/slf4j-simple-1.7.30.jar:/home/craig/.m2/repository/org/slf4j/slf4j-api/1.7.30/slf4j-api-1.7.30.jar:/home/craig/.m2/repository/junit/junit/4.13.1/junit-4.13.1.jar:/home/craig/.m2/repository/org/hamcrest/hamcrest-core/1.3/hamcrest-core-1.3.jar:/home/craig/.m2/repository/com/google/apis/google-api-services-analyticsreporting/v4-rev20210106-1.31.5/google-api-services-analyticsreporting-v4-rev20210106-1.31.5.jar:/home/craig/.m2/repository/com/google/api-client/google-api-client/1.31.5/google-api-client-1.31.5.jar:/home/craig/.m2/repository/com/google/oauth-client/google-oauth-client/1.31.5/google-oauth-client-1.31.5.jar:/home/craig/.m2/repository/com/google/http-client/google-http-client-apache-v2/1.39.2/google-http-client-apache-v2-1.39.2.jar:/home/craig/.m2/repository/org/apache/httpcomponents/httpcore/4.4.14/httpcore-4.4.14.jar:/home/craig/.m2/repository/org/apache/httpcomponents/httpclient/4.5.13/httpclient-4.5.13.jar:/home/craig/.m2/repository/commons-logging/commons-logging/1.2/commons-logging-1.2.jar:/home/craig/.m2/repository/com/google/auth/google-auth-library-oauth2-http/0.26.0/google-auth-library-oauth2-http-0.26.0.jar:/home/craig/.m2/repository/com/google/auto/value/auto-value-annotations/1.8.1/auto-value-annotations-1.8.1.jar:/home/craig/.m2/repository/com/google/code/findbugs/jsr305/3.0.2/jsr305-3.0.2.jar:/home/craig/.m2/repository/com/google/auth/google-auth-library-credentials/0.26.0/google-auth-library-credentials-0.26.0.jar:/home/craig/.m2/repository/com/google/http-client/google-http-client/1.39.2/google-http-client-1.39.2.jar:/home/craig/.m2/repository/com/google/j2objc/j2objc-annotations/1.3/j2objc-annotations-1.3.jar:/home/craig/.m2/repository/io/opencensus/opencensus-api/0.28.0/opencensus-api-0.28.0.jar:/home/craig/.m2/repository/io/grpc/grpc-context/1.27.2/grpc-context-1.27.2.jar:/home/craig/.m2/repository/io/opencensus/opencensus-contrib-http-util/0.28.0/opencensus-contrib-http-util-0.28.0.jar:/home/craig/.m2/repository/com/google/http-client/google-http-client-gson/1.39.2/google-http-client-gson-1.39.2.jar:/home/craig/.m2/repository/com/google/code/gson/gson/2.8.6/gson-2.8.6.jar:/home/craig/.m2/repository/com/google/guava/guava/30.1.1-android/guava-30.1.1-android.jar:/home/craig/.m2/repository/com/google/guava/failureaccess/1.0.1/failureaccess-1.0.1.jar:/home/craig/.m2/repository/com/google/guava/listenablefuture/9999.0-empty-to-avoid-conflict-with-guava/listenablefuture-9999.0-empty-to-avoid-conflict-with-guava.jar:/home/craig/.m2/repository/org/checkerframework/checker-compat-qual/2.5.5/checker-compat-qual-2.5.5.jar:/home/craig/.m2/repository/com/google/errorprone/error_prone_annotations/2.5.1/error_prone_annotations-2.5.1.jar:/home/craig/.m2/repository/org/mockito/mockito-core/2.28.2/mockito-core-2.28.2.jar:/home/craig/.m2/repository/net/bytebuddy/byte-buddy/1.9.10/byte-buddy-1.9.10.jar:/home/craig/.m2/repository/net/bytebuddy/byte-buddy-agent/1.9.10/byte-buddy-agent-1.9.10.jar:/home/craig/.m2/repository/org/objenesis/objenesis/2.6/objenesis-2.6.jar:/home/craig/.m2/repository/org/codehaus/groovy/groovy-test/2.5.4/groovy-test-2.5.4.jar:/home/craig/.m2/repository/org/codehaus/groovy/groovy/2.5.4/groovy-2.5.4.jar:"/>
    <property name="java.vm.vendor" value="Ubuntu"/>
    <property name="sun.arch.data.model" value="64"/>
    <property name="java.vendor.url" value="https://ubuntu.com/"/>
    <property name="user.timezone" value=""/>
    <property name="java.vm.specification.version" value="11"/>
    <property name="os.name" value="Linux"/>
    <property name="sun.java.launcher" value="SUN_STANDARD"/>
    <property name="user.country" value="US"/>
    <property name="sun.boot.library.path" value="/usr/lib/jvm/java-11-openjdk-amd64/lib"/>
    <property name="sun.java.command" value="/home/craig/workspace/nifi/googleanalytics-processor/nifi-googleanalytics-processors/target/surefire/surefirebooter9120328813110872774.jar /home/craig/workspace/nifi/googleanalytics-processor/nifi-googleanalytics-processors/target/surefire 2021-06-30T11-33-24_844-jvmRun1 surefire13014541039981705938tmp surefire_02794784880838565895tmp"/>
    <property name="jdk.debug" value="release"/>
    <property name="surefire.test.class.path" value="/home/craig/workspace/nifi/googleanalytics-processor/nifi-googleanalytics-processors/target/test-classes:/home/craig/workspace/nifi/googleanalytics-processor/nifi-googleanalytics-processors/target/classes:/home/craig/.m2/repository/org/apache/nifi/nifi-api/1.13.2/nifi-api-1.13.2.jar:/home/craig/.m2/repository/org/apache/nifi/nifi-utils/1.13.2/nifi-utils-1.13.2.jar:/home/craig/.m2/repository/javax/xml/bind/jaxb-api/2.3.0/jaxb-api-2.3.0.jar:/home/craig/.m2/repository/com/sun/xml/bind/jaxb-core/2.3.0/jaxb-core-2.3.0.jar:/home/craig/.m2/repository/com/sun/xml/bind/jaxb-impl/2.3.0/jaxb-impl-2.3.0.jar:/home/craig/.m2/repository/org/apache/nifi/nifi-mock/1.13.2/nifi-mock-1.13.2.jar:/home/craig/.m2/repository/org/apache/nifi/nifi-framework-api/1.13.2/nifi-framework-api-1.13.2.jar:/home/craig/.m2/repository/org/apache/nifi/nifi-parameter/1.13.2/nifi-parameter-1.13.2.jar:/home/craig/.m2/repository/org/apache/nifi/nifi-framework-core-api/1.13.2/nifi-framework-core-api-1.13.2.jar:/home/craig/.m2/repository/org/apache/nifi/nifi-framework-nar-utils/1.13.2/nifi-framework-nar-utils-1.13.2.jar:/home/craig/.m2/repository/org/apache/nifi/nifi-client-dto/1.13.2/nifi-client-dto-1.13.2.jar:/home/craig/.m2/repository/io/swagger/swagger-annotations/1.6.0/swagger-annotations-1.6.0.jar:/home/craig/.m2/repository/org/apache/nifi/nifi-site-to-site-client/1.13.2/nifi-site-to-site-client-1.13.2.jar:/home/craig/.m2/repository/org/apache/httpcomponents/client5/httpclient5/5.0-beta4/httpclient5-5.0-beta4.jar:/home/craig/.m2/repository/org/apache/httpcomponents/core5/httpcore5/5.0-beta7/httpcore5-5.0-beta7.jar:/home/craig/.m2/repository/org/apache/httpcomponents/core5/httpcore5-h2/5.0-beta7/httpcore5-h2-5.0-beta7.jar:/home/craig/.m2/repository/org/apache/httpcomponents/httpasyncclient/4.1.4/httpasyncclient-4.1.4.jar:/home/craig/.m2/repository/org/apache/httpcomponents/httpcore-nio/4.4.10/httpcore-nio-4.4.10.jar:/home/craig/.m2/repository/org/apache/commons/commons-lang3/3.9/commons-lang3-3.9.jar:/home/craig/.m2/repository/org/apache/nifi/nifi-framework-authorization/1.13.2/nifi-framework-authorization-1.13.2.jar:/home/craig/.m2/repository/org/apache/nifi/registry/nifi-registry-data-model/0.8.0/nifi-registry-data-model-0.8.0.jar:/home/craig/.m2/repository/javax/validation/validation-api/2.0.1.Final/validation-api-2.0.1.Final.jar:/home/craig/.m2/repository/javax/ws/rs/javax.ws.rs-api/2.1/javax.ws.rs-api-2.1.jar:/home/craig/.m2/repository/org/apache/nifi/registry/nifi-registry-revision-entity-model/0.8.0/nifi-registry-revision-entity-model-0.8.0.jar:/home/craig/.m2/repository/jakarta/xml/bind/jakarta.xml.bind-api/2.3.2/jakarta.xml.bind-api-2.3.2.jar:/home/craig/.m2/repository/jakarta/activation/jakarta.activation-api/1.2.1/jakarta.activation-api-1.2.1.jar:/home/craig/.m2/repository/org/apache/nifi/registry/nifi-registry-client/0.8.0/nifi-registry-client-0.8.0.jar:/home/craig/.m2/repository/org/apache/nifi/registry/nifi-registry-security-utils/0.8.0/nifi-registry-security-utils-0.8.0.jar:/home/craig/.m2/repository/org/glassfish/jersey/core/jersey-client/2.28/jersey-client-2.28.jar:/home/craig/.m2/repository/jakarta/ws/rs/jakarta.ws.rs-api/2.1.5/jakarta.ws.rs-api-2.1.5.jar:/home/craig/.m2/repository/org/glassfish/hk2/external/jakarta.inject/2.5.0/jakarta.inject-2.5.0.jar:/home/craig/.m2/repository/org/glassfish/jersey/media/jersey-media-json-jackson/2.28/jersey-media-json-jackson-2.28.jar:/home/craig/.m2/repository/org/glassfish/jersey/ext/jersey-entity-filtering/2.28/jersey-entity-filtering-2.28.jar:/home/craig/.m2/repository/com/fasterxml/jackson/module/jackson-module-jaxb-annotations/2.9.8/jackson-module-jaxb-annotations-2.9.8.jar:/home/craig/.m2/repository/org/glassfish/jersey/inject/jersey-hk2/2.28/jersey-hk2-2.28.jar:/home/craig/.m2/repository/org/glassfish/hk2/hk2-locator/2.5.0/hk2-locator-2.5.0.jar:/home/craig/.m2/repository/org/glassfish/hk2/external/aopalliance-repackaged/2.5.0/aopalliance-repackaged-2.5.0.jar:/home/craig/.m2/repository/org/glassfish/hk2/hk2-api/2.5.0/hk2-api-2.5.0.jar:/home/craig/.m2/repository/org/glassfish/hk2/hk2-utils/2.5.0/hk2-utils-2.5.0.jar:/home/craig/.m2/repository/org/javassist/javassist/3.22.0-CR2/javassist-3.22.0-CR2.jar:/home/craig/.m2/repository/org/glassfish/jersey/core/jersey-common/2.28/jersey-common-2.28.jar:/home/craig/.m2/repository/jakarta/annotation/jakarta.annotation-api/1.3.4/jakarta.annotation-api-1.3.4.jar:/home/craig/.m2/repository/org/glassfish/hk2/osgi-resource-locator/1.0.1/osgi-resource-locator-1.0.1.jar:/home/craig/.m2/repository/org/glassfish/jersey/media/jersey-media-multipart/2.28/jersey-media-multipart-2.28.jar:/home/craig/.m2/repository/org/jvnet/mimepull/mimepull/1.9.11/mimepull-1.9.11.jar:/home/craig/.m2/repository/org/apache/nifi/nifi-expression-language/1.13.2/nifi-expression-language-1.13.2.jar:/home/craig/.m2/repository/org/antlr/antlr-runtime/3.5.2/antlr-runtime-3.5.2.jar:/home/craig/.m2/repository/org/apache/nifi/nifi-uuid5/1.13.2/nifi-uuid5-1.13.2.jar:/home/craig/.m2/repository/com/jayway/jsonpath/json-path/2.4.0/json-path-2.4.0.jar:/home/craig/.m2/repository/net/minidev/json-smart/2.3/json-smart-2.3.jar:/home/craig/.m2/repository/net/minidev/accessors-smart/1.2/accessors-smart-1.2.jar:/home/craig/.m2/repository/org/ow2/asm/asm/5.0.4/asm-5.0.4.jar:/home/craig/.m2/repository/com/fasterxml/jackson/core/jackson-databind/2.9.10.8/jackson-databind-2.9.10.8.jar:/home/craig/.m2/repository/com/fasterxml/jackson/core/jackson-annotations/2.9.10/jackson-annotations-2.9.10.jar:/home/craig/.m2/repository/com/fasterxml/jackson/core/jackson-core/2.9.10/jackson-core-2.9.10.jar:/home/craig/.m2/repository/org/apache/commons/commons-text/1.8/commons-text-1.8.jar:/home/craig/.m2/repository/commons-codec/commons-codec/1.14/commons-codec-1.14.jar:/home/craig/.m2/repository/org/apache/nifi/nifi-data-provenance-utils/1.13.2/nifi-data-provenance-utils-1.13.2.jar:/home/craig/.m2/repository/org/apache/nifi/nifi-security-utils/1.13.2/nifi-security-utils-1.13.2.jar:/home/craig/.m2/repository/org/apache/nifi/nifi-security-utils-api/1.13.2/nifi-security-utils-api-1.13.2.jar:/home/craig/.m2/repository/org/bouncycastle/bcpkix-jdk15on/1.68/bcpkix-jdk15on-1.68.jar:/home/craig/.m2/repository/at/favre/lib/bcrypt/0.9.0/bcrypt-0.9.0.jar:/home/craig/.m2/repository/at/favre/lib/bytes/1.3.0/bytes-1.3.0.jar:/home/craig/.m2/repository/org/apache/commons/commons-configuration2/2.7/commons-configuration2-2.7.jar:/home/craig/.m2/repository/com/sun/activation/javax.activation/1.2.0/javax.activation-1.2.0.jar:/home/craig/.m2/repository/org/bouncycastle/bcprov-jdk15on/1.68/bcprov-jdk15on-1.68.jar:/home/craig/.m2/repository/org/apache/nifi/nifi-properties-loader/1.13.2/nifi-properties-loader-1.13.2.jar:/home/craig/.m2/repository/org/apache/nifi/nifi-properties/1.13.2/nifi-properties-1.13.2.jar:/home/craig/.m2/repository/org/slf4j/slf4j-simple/1.7.30/slf4j-simple-1.7.30.jar:/home/craig/.m2/repository/org/slf4j/slf4j-api/1.7.30/slf4j-api-1.7.30.jar:/home/craig/.m2/repository/junit/junit/4.13.1/junit-4.13.1.jar:/home/craig/.m2/repository/org/hamcrest/hamcrest-core/1.3/hamcrest-core-1.3.jar:/home/craig/.m2/repository/com/google/apis/google-api-services-analyticsreporting/v4-rev20210106-1.31.5/google-api-services-analyticsreporting-v4-rev20210106-1.31.5.jar:/home/craig/.m2/repository/com/google/api-client/google-api-client/1.31.5/google-api-client-1.31.5.jar:/home/craig/.m2/repository/com/google/oauth-client/google-oauth-client/1.31.5/google-oauth-client-1.31.5.jar:/home/craig/.m2/repository/com/google/http-client/google-http-client-apache-v2/1.39.2/google-http-client-apache-v2-1.39.2.jar:/home/craig/.m2/repository/org/apache/httpcomponents/httpcore/4.4.14/httpcore-4.4.14.jar:/home/craig/.m2/repository/org/apache/httpcomponents/httpclient/4.5.13/httpclient-4.5.13.jar:/home/craig/.m2/repository/commons-logging/commons-logging/1.2/commons-logging-1.2.jar:/home/craig/.m2/repository/com/google/auth/google-auth-library-oauth2-http/0.26.0/google-auth-library-oauth2-http-0.26.0.jar:/home/craig/.m2/repository/com/google/auto/value/auto-value-annotations/1.8.1/auto-value-annotations-1.8.1.jar:/home/craig/.m2/repository/com/google/code/findbugs/jsr305/3.0.2/jsr305-3.0.2.jar:/home/craig/.m2/repository/com/google/auth/google-auth-library-credentials/0.26.0/google-auth-library-credentials-0.26.0.jar:/home/craig/.m2/repository/com/google/http-client/google-http-client/1.39.2/google-http-client-1.39.2.jar:/home/craig/.m2/repository/com/google/j2objc/j2objc-annotations/1.3/j2objc-annotations-1.3.jar:/home/craig/.m2/repository/io/opencensus/opencensus-api/0.28.0/opencensus-api-0.28.0.jar:/home/craig/.m2/repository/io/grpc/grpc-context/1.27.2/grpc-context-1.27.2.jar:/home/craig/.m2/repository/io/opencensus/opencensus-contrib-http-util/0.28.0/opencensus-contrib-http-util-0.28.0.jar:/home/craig/.m2/repository/com/google/http-client/google-http-client-gson/1.39.2/google-http-client-gson-1.39.2.jar:/home/craig/.m2/repository/com/google/code/gson/gson/2.8.6/gson-2.8.6.jar:/home/craig/.m2/repository/com/google/guava/guava/30.1.1-android/guava-30.1.1-android.jar:/home/craig/.m2/repository/com/google/guava/failureaccess/1.0.1/failureaccess-1.0.1.jar:/home/craig/.m2/repository/com/google/guava/listenablefuture/9999.0-empty-to-avoid-conflict-with-guava/listenablefuture-9999.0-empty-to-avoid-conflict-with-guava.jar:/home/craig/.m2/repository/org/checkerframework/checker-compat-qual/2.5.5/checker-compat-qual-2.5.5.jar:/home/craig/.m2/repository/com/google/errorprone/error_prone_annotations/2.5.1/error_prone_annotations-2.5.1.jar:/home/craig/.m2/repository/org/mockito/mockito-core/2.28.2/mockito-core-2.28.2.jar:/home/craig/.m2/repository/net/bytebuddy/byte-buddy/1.9.10/byte-buddy-1.9.10.jar:/home/craig/.m2/repository/net/bytebuddy/byte-buddy-agent/1.9.10/byte-buddy-agent-1.9.10.jar:/home/craig/.m2/repository/org/objenesis/objenesis/2.6/objenesis-2.6.jar:/home/craig/.m2/repository/org/codehaus/groovy/groovy-test/2.5.4/groovy-test-2.5.4.jar:/home/craig/.m2/repository/org/codehaus/groovy/groovy/2.5.4/groovy-2.5.4.jar:"/>
    <property name="sun.cpu.endian" value="little"/>
    <property name="user.home" value="/home/craig"/>
    <property name="user.language" value="en"/>
    <property name="java.specification.vendor" value="Oracle Corporation"/>
    <property name="java.version.date" value="2021-04-20"/>
    <property name="java.home" value="/usr/lib/jvm/java-11-openjdk-amd64"/>
    <property name="file.separator" value="/"/>
    <property name="basedir" value="/home/craig/workspace/nifi/googleanalytics-processor/nifi-googleanalytics-processors"/>
    <property name="java.vm.compressedOopsMode" value="32-bit"/>
    <property name="line.separator" value="&#10;"/>
    <property name="java.specification.name" value="Java Platform API Specification"/>
    <property name="java.vm.specification.vendor" value="Oracle Corporation"/>
    <property name="java.awt.graphicsenv" value="sun.awt.X11GraphicsEnvironment"/>
    <property name="java.awt.headless" value="true"/>
    <property name="surefire.real.class.path" value="/home/craig/workspace/nifi/googleanalytics-processor/nifi-googleanalytics-processors/target/surefire/surefirebooter9120328813110872774.jar"/>
    <property name="sun.management.compiler" value="HotSpot 64-Bit Tiered Compilers"/>
    <property name="java.runtime.version" value="11.0.11+9-Ubuntu-0ubuntu2.20.04"/>
    <property name="user.name" value="craig"/>
    <property name="java.net.preferIPv4Stack" value="true"/>
    <property name="path.separator" value=":"/>
    <property name="os.version" value="5.8.0-59-generic"/>
    <property name="java.runtime.name" value="OpenJDK Runtime Environment"/>
    <property name="file.encoding" value="UTF-8"/>
    <property name="java.vm.name" value="OpenJDK 64-Bit Server VM"/>
    <property name="localRepository" value="/home/craig/.m2/repository"/>
    <property name="java.vendor.url.bug" value="https://bugs.launchpad.net/ubuntu/+source/openjdk-lts"/>
    <property name="java.io.tmpdir" value="/tmp"/>
    <property name="java.version" value="11.0.11"/>
    <property name="user.dir" value="/home/craig/workspace/nifi/googleanalytics-processor/nifi-googleanalytics-processors"/>
    <property name="os.arch" value="amd64"/>
    <property name="java.vm.specification.name" value="Java Virtual Machine Specification"/>
    <property name="java.awt.printerjob" value="sun.print.PSPrinterJob"/>
    <property name="sun.os.patch.level" value="unknown"/>
    <property name="java.library.path" value="/usr/java/packages/lib:/usr/lib/x86_64-linux-gnu/jni:/lib/x86_64-linux-gnu:/usr/lib/x86_64-linux-gnu:/usr/lib/jni:/lib:/usr/lib"/>
    <property name="java.vm.info" value="mixed mode, sharing"/>
    <property name="java.vendor" value="Ubuntu"/>
    <property name="java.vm.version" value="11.0.11+9-Ubuntu-0ubuntu2.20.04"/>
    <property name="sun.io.unicode.encoding" value="UnicodeLittle"/>
    <property name="java.class.version" value="55.0"/>
  </properties>
  <testcase name="testProcessor" classname="com.txn2.nifi.processors.googleanalytics.GetGoogleAnalyticsReportTest" time="0.039"/>
</testsuite>